#
# A fatal error has been detected by the Java Runtime Environment:
#
#  SIGSEGV (0xb) at pc=0x000000010a459594, pid=5828, tid=0x0000000000004303
#
# JRE version: Java(TM) SE Runtime Environment (8.0_101-b13) (build 1.8.0_101-b13)
# Java VM: Java HotSpot(TM) 64-Bit Server VM (25.101-b13 mixed mode bsd-amd64 compressed oops)
# Problematic frame:
# V  [libjvm.dylib+0x44c594]  Method::checked_resolve_jmethod_id(_jmethodID*)+0xe
#
# Failed to write core dump. Core dumps have been disabled. To enable core dumping, try "ulimit -c unlimited" before starting Java again
#
# If you would like to submit a bug report, please visit:
#   http://bugreport.java.com/bugreport/crash.jsp
#

---------------  T H R E A D  ---------------

Current thread (0x00007f9ccb001000):  JavaThread "JDWP Transport Listener: dt_socket" daemon [_thread_in_vm, id=17155, stack(0x0000700000b3b000,0x0000700000c3b000)]

siginfo: si_signo: 11 (SIGSEGV), si_code: 0 (unknown), si_addr: 0x0000000000000000

Registers:
RAX=0x0000000000000001, RBX=0x0000700000c3aa8b, RCX=0x000000010a82c360, RDX=0x0000700000c3aa8b
RSP=0x0000700000c3a9d0, RBP=0x0000700000c3a9e0, RSI=0x00007f9ccb001000, RDI=0x694c79003b74003b
R8 =0x0000000000000000, R9 =0x00007f9cc96301b0, R10=0x00000000e87a8021, R11=0x00007f9ccd300000
R12=0x00007f9ccb001000, R13=0x694c79003b74003b, R14=0x694c79003b74003b, R15=0x00007f9cc9605810
RIP=0x000000010a459594, EFLAGS=0x0000000000010202, ERR=0x0000000000000000
  TRAPNO=0x000000000000000d

Top of Stack: (sp=0x0000700000c3a9d0)
0x0000700000c3a9d0:   0000700000c3aa8b 0000700000c3aa8b
0x0000700000c3a9e0:   0000700000c3aa40 000000010a3650d2
0x0000700000c3a9f0:   00007f9ccb001000 0000000000000000
0x0000700000c3aa00:   0000000000000000 0000000000000000
0x0000700000c3aa10:   00007f9ccb001000 00007f9ccb001000
0x0000700000c3aa20:   0000700000c3aa8b 0000700000c3aa90
0x0000700000c3aa30:   694c79003b74003b 0000000000000006
0x0000700000c3aa40:   0000700000c3aa60 000000010b820780
0x0000700000c3aa50:   0000000000000001 0000700000c3ab08
0x0000700000c3aa60:   0000700000c3aad0 000000010b8051f3
0x0000700000c3aa70:   0000700000c3aaa0 00007f9ccd3d3eb0
0x0000700000c3aa80:   0000000800000032 0000000200c3ab08
0x0000700000c3aa90:   0000000000000000 0000000000000000
0x0000700000c3aaa0:   0000000000000000 0000700000c3ac90
0x0000700000c3aab0:   000000010b827e7a 00007f9ccd3c09e0
0x0000700000c3aac0:   0000700000c3ab08 000000010b833598
0x0000700000c3aad0:   0000700000c3aae0 000000010b8052ec
0x0000700000c3aae0:   0000700000c3ad00 000000010b80e898
0x0000700000c3aaf0:   00000c3000000013 00000000000f0200
0x0000700000c3ab00:   00007f9ccd3d88d0 00007f9ccd3da4d6
0x0000700000c3ab10:   00007f9c000001a2 00007f9ccd3a7770
0x0000700000c3ab20:   000000000000012c 0000700000c3ab58
0x0000700000c3ab30:   00007f9ccd3a7770 0000000000000000
0x0000700000c3ab40:   00000c300000000b 00007fff00009c80
0x0000700000c3ab50:   0000700000c3ab58 9c7f000008000000
0x0000700000c3ab60:   06000000d8b172c9 00003e74696e693c
0x0000700000c3ab70:   6b7572644c283e00 696365722f726569
0x0000700000c3ab80:   696365522f736570 4c3b776569566570
0x0000700000c3ab90:   2f7265696b757264 2f73657069636572
0x0000700000c3aba0:   6553657069636552 56293b6563697672
0x0000700000c3abb0:   0100000000000000 20811fcd9c7f0000
0x0000700000c3abc0:   7571657218000000 7069636552747365 

Instructions: (pc=0x000000010a459594)
0x000000010a459574:   40 48 48 85 c0 75 e0 30 c0 0f b6 c0 5d c3 31 c0
0x000000010a459584:   5d c3 55 48 89 e5 53 48 83 ec 08 48 85 ff 74 24
0x000000010a459594:   48 8b 1f 48 85 db 74 1c 48 83 fb 37 74 16 48 8b
0x000000010a4595a4:   03 48 89 df ff 50 10 84 c0 b8 00 00 00 00 48 0f 

Register to memory mapping:

RAX=0x0000000000000001 is an unknown value
RBX=0x0000700000c3aa8b is pointing into the stack for thread: 0x00007f9ccb001000
RCX=0x000000010a82c360: UseMembar+0 in /Library/Java/JavaVirtualMachines/jdk1.8.0_101.jdk/Contents/Home/jre/lib/server/libjvm.dylib at 0x000000010a00d000
RDX=0x0000700000c3aa8b is pointing into the stack for thread: 0x00007f9ccb001000
RSP=0x0000700000c3a9d0 is pointing into the stack for thread: 0x00007f9ccb001000
RBP=0x0000700000c3a9e0 is pointing into the stack for thread: 0x00007f9ccb001000
RSI=0x00007f9ccb001000 is a thread
RDI=0x694c79003b74003b is an unknown value
R8 =0x0000000000000000 is an unknown value
R9 =0x00007f9cc96301b0 is an unknown value
R10=0x00000000e87a8021 is an unknown value
R11=0x00007f9ccd300000 is an unknown value
R12=0x00007f9ccb001000 is a thread
R13=0x694c79003b74003b is an unknown value
R14=0x694c79003b74003b is an unknown value
R15=0x00007f9cc9605810 is an unknown value


Stack: [0x0000700000b3b000,0x0000700000c3b000],  sp=0x0000700000c3a9d0,  free space=1022k
Native frames: (J=compiled Java code, j=interpreted, Vv=VM code, C=native code)
V  [libjvm.dylib+0x44c594]  Method::checked_resolve_jmethod_id(_jmethodID*)+0xe
V  [libjvm.dylib+0x3580d2]  jvmti_IsMethodSynthetic+0xb2
C  [libjdwp.dylib+0x20780]  isMethodSynthetic+0x63
C  [libjdwp.dylib+0x51f3]  methods1+0x10b
C  [libjdwp.dylib+0x52ec]  methodsWithGeneric+0xe
C  [libjdwp.dylib+0xe898]  debugLoop_run+0x1ce
C  [libjdwp.dylib+0x1f6ba]  attachThread+0x4d
V  [libjvm.dylib+0x399438]  JvmtiAgentThread::call_start_function()+0x38
V  [libjvm.dylib+0x5695ab]  JavaThread::thread_main_inner()+0x9b
V  [libjvm.dylib+0x56ac98]  JavaThread::run()+0x1c2
V  [libjvm.dylib+0x48933a]  java_start(Thread*)+0xf6
C  [libsystem_pthread.dylib+0x399d]  _pthread_body+0x83
C  [libsystem_pthread.dylib+0x391a]  _pthread_body+0x0
C  [libsystem_pthread.dylib+0x1351]  thread_start+0xd
C  0x0000000000000000


---------------  P R O C E S S  ---------------

Java Threads: ( => current thread )
  0x00007f9cca07b000 JavaThread "OkHttp ConnectionPool" daemon [_thread_blocked, id=62471, stack(0x0000700001b71000,0x0000700001c71000)]
  0x00007f9cc99fa000 JavaThread "OkHttp http://api.yummly.com/..." [_thread_blocked, id=61971, stack(0x0000700000932000,0x0000700000a32000)]
  0x00007f9ccb11f800 JavaThread "TimerQueue" daemon [_thread_blocked, id=60159, stack(0x000070000196b000,0x0000700001a6b000)]
  0x00007f9cc9baa800 JavaThread "DestroyJavaVM" [_thread_blocked, id=5891, stack(0x000070000011a000,0x000070000021a000)]
  0x00007f9ccb0c2000 JavaThread "AWT-EventQueue-0" [_thread_blocked, id=57347, stack(0x0000700001868000,0x0000700001968000)]
  0x00007f9ccb093000 JavaThread "Java2D Disposer" daemon [_thread_blocked, id=54531, stack(0x00007000016e2000,0x00007000017e2000)]
  0x00007f9ccb092000 JavaThread "Java2D Queue Flusher" daemon [_thread_blocked, id=51463, stack(0x00007000015df000,0x00007000016df000)]
  0x00007f9ccb07a000 JavaThread "AWT-Shutdown" [_thread_blocked, id=30739, stack(0x00007000013d6000,0x00007000014d6000)]
  0x00007f9cca05a000 JavaThread "AppKit Thread" daemon [_thread_in_native, id=2571, stack(0x00007fff5566f000,0x00007fff55e6f000)]
  0x00007f9cc9824000 JavaThread "Service Thread" daemon [_thread_blocked, id=20227, stack(0x000070000114d000,0x000070000124d000)]
  0x00007f9cca841000 JavaThread "C1 CompilerThread2" daemon [_thread_blocked, id=19715, stack(0x000070000104a000,0x000070000114a000)]
  0x00007f9cca840000 JavaThread "C2 CompilerThread1" daemon [_thread_blocked, id=19203, stack(0x0000700000f47000,0x0000700001047000)]
  0x00007f9cca83f800 JavaThread "C2 CompilerThread0" daemon [_thread_blocked, id=18691, stack(0x0000700000e44000,0x0000700000f44000)]
  0x00007f9cca019800 JavaThread "JDWP Command Reader" daemon [_thread_in_native, id=18179, stack(0x0000700000d41000,0x0000700000e41000)]
  0x00007f9ccb018000 JavaThread "JDWP Event Helper Thread" daemon [_thread_blocked, id=17667, stack(0x0000700000c3e000,0x0000700000d3e000)]
=>0x00007f9ccb001000 JavaThread "JDWP Transport Listener: dt_socket" daemon [_thread_in_vm, id=17155, stack(0x0000700000b3b000,0x0000700000c3b000)]
  0x00007f9cca018800 JavaThread "Signal Dispatcher" daemon [_thread_blocked, id=13839, stack(0x0000700000a38000,0x0000700000b38000)]
  0x00007f9cca80d000 JavaThread "Finalizer" daemon [_thread_blocked, id=12291, stack(0x000070000082f000,0x000070000092f000)]
  0x00007f9cca016800 JavaThread "Reference Handler" daemon [_thread_blocked, id=11779, stack(0x000070000072c000,0x000070000082c000)]

Other Threads:
  0x00007f9ccb00d000 VMThread [stack: 0x0000700000629000,0x0000700000729000] [id=11267]
  0x00007f9cca841800 WatcherThread [stack: 0x0000700001250000,0x0000700001350000] [id=20739]

VM state:not at safepoint (normal execution)

VM Mutex/Monitor currently owned by a thread: None

Heap:
 PSYoungGen      total 38400K, used 30798K [0x0000000795580000, 0x0000000798000000, 0x00000007c0000000)
  eden space 33280K, 92% used [0x0000000795580000,0x00000007973939b8,0x0000000797600000)
  from space 5120K, 0% used [0x0000000797b00000,0x0000000797b00000,0x0000000798000000)
  to   space 5120K, 0% used [0x0000000797600000,0x0000000797600000,0x0000000797b00000)
 ParOldGen       total 87552K, used 0K [0x0000000740000000, 0x0000000745580000, 0x0000000795580000)
  object space 87552K, 0% used [0x0000000740000000,0x0000000740000000,0x0000000745580000)
 Metaspace       used 15886K, capacity 16146K, committed 16384K, reserved 1062912K
  class space    used 1924K, capacity 2017K, committed 2048K, reserved 1048576K

Card table byte_map: [0x000000011ac14000,0x000000011b015000] byte_map_base: 0x0000000117214000

Marking Bits: (ParMarkBitMap*) 0x000000010a8fad20
 Begin Bits: [0x000000011b2c0000, 0x000000011d2c0000)
 End Bits:   [0x000000011d2c0000, 0x000000011f2c0000)

Polling page: 0x000000010aff1000

CodeCache: size=245760Kb used=4332Kb max_used=4340Kb free=241428Kb
 bounds [0x000000010b854000, 0x000000010bca4000, 0x000000011a854000]
 total_blobs=1818 nmethods=1279 adapters=461
 compilation: enabled

Compilation events (10 events):
Event: 593.700 Thread 0x00007f9cca841000 1282       3       java.lang.invoke.MethodType::insertParameterTypes (106 bytes)
Event: 593.701 Thread 0x00007f9cca840000 1287       4       java.util.concurrent.locks.ReentrantLock$Sync::tryRelease (45 bytes)
Event: 593.703 Thread 0x00007f9cca841000 nmethod 1282 0x000000010bc92410 code [0x000000010bc926e0, 0x000000010bc93a08]
Event: 593.703 Thread 0x00007f9cca840000 nmethod 1287 0x000000010bc8e310 code [0x000000010bc8e460, 0x000000010bc8e518]
Event: 593.703 Thread 0x00007f9cca841000 1283       3       sun.java2d.pipe.Region::isInsideQuickCheck (57 bytes)
Event: 593.703 Thread 0x00007f9cca841000 nmethod 1283 0x000000010bc8de50 code [0x000000010bc8dfc0, 0x000000010bc8e270]
Event: 593.703 Thread 0x00007f9cca841000 1284       1       sun.awt.image.SunVolatileImage::getWidth (5 bytes)
Event: 593.703 Thread 0x00007f9cca841000 nmethod 1284 0x000000010bc8b710 code [0x000000010bc8b860, 0x000000010bc8b970]
Event: 593.703 Thread 0x00007f9cca841000 1285       1       sun.awt.image.SunVolatileImage::getHeight (5 bytes)
Event: 593.703 Thread 0x00007f9cca841000 nmethod 1285 0x000000010bc8b450 code [0x000000010bc8b5a0, 0x000000010bc8b6b0]

GC Heap History (0 events):
No events

Deoptimization events (10 events):
Event: 8.847 Thread 0x00007f9ccb0c2000 Uncommon trap: reason=class_check action=maybe_recompile pc=0x000000010bbe75dc method=java.util.HashMap.putVal(ILjava/lang/Object;Ljava/lang/Object;ZZ)Ljava/lang/Object; @ 253
Event: 8.847 Thread 0x00007f9ccb0c2000 Uncommon trap: reason=class_check action=maybe_recompile pc=0x000000010bbe75dc method=java.util.HashMap.putVal(ILjava/lang/Object;Ljava/lang/Object;ZZ)Ljava/lang/Object; @ 253
Event: 8.847 Thread 0x00007f9ccb0c2000 Uncommon trap: reason=class_check action=maybe_recompile pc=0x000000010bbe75dc method=java.util.HashMap.putVal(ILjava/lang/Object;Ljava/lang/Object;ZZ)Ljava/lang/Object; @ 253
Event: 8.847 Thread 0x00007f9ccb0c2000 Uncommon trap: reason=class_check action=maybe_recompile pc=0x000000010bbe75dc method=java.util.HashMap.putVal(ILjava/lang/Object;Ljava/lang/Object;ZZ)Ljava/lang/Object; @ 253
Event: 8.867 Thread 0x00007f9ccb0c2000 Uncommon trap: reason=unstable_if action=reinterpret pc=0x000000010bad3e44 method=java.util.HashMap.getNode(ILjava/lang/Object;)Ljava/util/HashMap$Node; @ 62
Event: 8.867 Thread 0x00007f9ccb0c2000 Uncommon trap: reason=unstable_if action=reinterpret pc=0x000000010bbef314 method=java.util.HashMap.putVal(ILjava/lang/Object;Ljava/lang/Object;ZZ)Ljava/lang/Object; @ 94
Event: 8.867 Thread 0x00007f9ccb0c2000 Uncommon trap: reason=unstable_if action=reinterpret pc=0x000000010bac4ad8 method=java.util.HashMap.getNode(ILjava/lang/Object;)Ljava/util/HashMap$Node; @ 62
Event: 8.959 Thread 0x00007f9ccb0c2000 Uncommon trap: reason=unstable_if action=reinterpret pc=0x000000010bae9a20 method=java.lang.String.lastIndexOf([CII[CIII)I @ 66
Event: 9.005 Thread 0x00007f9ccb27b800 Uncommon trap: reason=unstable_if action=reinterpret pc=0x000000010bb5bc28 method=java.lang.CharacterDataLatin1.digit(II)I @ 82
Event: 9.005 Thread 0x00007f9ccb27b800 Uncommon trap: reason=unstable_if action=reinterpret pc=0x000000010bb59c34 method=java.lang.CharacterDataLatin1.digit(II)I @ 82

Internal exceptions (10 events):
Event: 0.938 Thread 0x00007f9cca00a000 Exception <a 'java/io/FileNotFoundException'> (0x0000000795990578) thrown at [/HUDSON3/workspace/8-2-build-macosx-x86_64/jdk8u101/7261/hotspot/src/share/vm/prims/jni.cpp, line 709]
Event: 0.938 Thread 0x00007f9cca00a000 Exception <a 'java/io/FileNotFoundException'> (0x00000007959910e0) thrown at [/HUDSON3/workspace/8-2-build-macosx-x86_64/jdk8u101/7261/hotspot/src/share/vm/prims/jni.cpp, line 709]
Event: 8.941 Thread 0x00007f9ccb0c2000 Exception <a 'java/lang/ArrayIndexOutOfBoundsException'> (0x0000000796d76b58) thrown at [/HUDSON3/workspace/8-2-build-macosx-x86_64/jdk8u101/7261/hotspot/src/share/vm/runtime/sharedRuntime.cpp, line 605]
Event: 8.946 Thread 0x00007f9ccb0c2000 Exception <a 'java/lang/ArrayIndexOutOfBoundsException'> (0x0000000796d8efd8) thrown at [/HUDSON3/workspace/8-2-build-macosx-x86_64/jdk8u101/7261/hotspot/src/share/vm/runtime/sharedRuntime.cpp, line 605]
Event: 8.947 Thread 0x00007f9ccb0c2000 Exception <a 'java/lang/ArrayIndexOutOfBoundsException'> (0x0000000796d8fec8) thrown at [/HUDSON3/workspace/8-2-build-macosx-x86_64/jdk8u101/7261/hotspot/src/share/vm/runtime/sharedRuntime.cpp, line 605]
Event: 8.955 Thread 0x00007f9ccb0c2000 Exception <a 'java/lang/ArrayIndexOutOfBoundsException'> (0x0000000796de75e8) thrown at [/HUDSON3/workspace/8-2-build-macosx-x86_64/jdk8u101/7261/hotspot/src/share/vm/runtime/sharedRuntime.cpp, line 605]
Event: 8.958 Thread 0x00007f9ccb0c2000 Exception <a 'java/lang/ArrayIndexOutOfBoundsException'> (0x0000000796e01368) thrown at [/HUDSON3/workspace/8-2-build-macosx-x86_64/jdk8u101/7261/hotspot/src/share/vm/runtime/sharedRuntime.cpp, line 605]
Event: 9.665 Thread 0x00007f9ccb27b800 Exception <a 'java/lang/NoSuchMethodError': java.lang.Object.lambda$comparing$77a9974f$1(Ljava/util/function/Function;Ljava/lang/Object;Ljava/lang/Object;)I> (0x0000000797189418) thrown at [/HUDSON3/workspace/8-2-build-macosx-x86_64/jdk8u101/7261/hotspot/
Event: 9.669 Thread 0x00007f9ccb27b800 Exception <a 'java/lang/NoSuchMethodError': java.lang.Object.lambda$maxBy$1(Ljava/util/Comparator;Ljava/lang/Object;Ljava/lang/Object;)Ljava/lang/Object;> (0x0000000797195650) thrown at [/HUDSON3/workspace/8-2-build-macosx-x86_64/jdk8u101/7261/hotspot/src
Event: 154.403 Thread 0x00007f9ccb27b800 Exception <a 'java/lang/ArrayIndexOutOfBoundsException': 67> (0x00000007972505e0) thrown at [/HUDSON3/workspace/8-2-build-macosx-x86_64/jdk8u101/7261/hotspot/src/share/vm/interpreter/interpreterRuntime.cpp, line 366]

Events (10 events):
Event: 802.617 Executing VM operation: EnterInterpOnlyMode
Event: 802.617 Executing VM operation: EnterInterpOnlyMode done
Event: 802.617 Executing VM operation: GetCurrentLocation
Event: 802.617 Executing VM operation: GetCurrentLocation done
Event: 802.617 Executing VM operation: ChangeSingleStep
Event: 802.617 Executing VM operation: ChangeSingleStep done
Event: 802.618 Executing VM operation: GetOrSetLocal
Event: 802.618 Executing VM operation: GetOrSetLocal done
Event: 802.619 Executing VM operation: ChangeSingleStep
Event: 802.619 Executing VM operation: ChangeSingleStep done


Dynamic libraries:
0x0000000009431000 	/System/Library/Frameworks/Cocoa.framework/Versions/A/Cocoa
0x0000000009431000 	/System/Library/Frameworks/Security.framework/Versions/A/Security
0x0000000009431000 	/System/Library/Frameworks/ApplicationServices.framework/Versions/A/ApplicationServices
0x0000000009431000 	/usr/lib/libz.1.dylib
0x0000000009431000 	/usr/lib/libSystem.B.dylib
0x0000000009431000 	/usr/lib/libobjc.A.dylib
0x0000000009431000 	/System/Library/Frameworks/CoreFoundation.framework/Versions/A/CoreFoundation
0x0000000009431000 	/System/Library/Frameworks/Foundation.framework/Versions/C/Foundation
0x0000000009431000 	/System/Library/Frameworks/AppKit.framework/Versions/C/AppKit
0x0000000009431000 	/System/Library/Frameworks/CoreData.framework/Versions/A/CoreData
0x0000000009431000 	/System/Library/PrivateFrameworks/RemoteViewServices.framework/Versions/A/RemoteViewServices
0x0000000009431000 	/System/Library/PrivateFrameworks/UIFoundation.framework/Versions/A/UIFoundation
0x0000000009431000 	/usr/lib/libScreenReader.dylib
0x0000000009431000 	/System/Library/Frameworks/Accelerate.framework/Versions/A/Accelerate
0x0000000009431000 	/System/Library/Frameworks/IOSurface.framework/Versions/A/IOSurface
0x0000000009431000 	/System/Library/Frameworks/AudioToolbox.framework/Versions/A/AudioToolbox
0x0000000009431000 	/System/Library/Frameworks/AudioUnit.framework/Versions/A/AudioUnit
0x0000000009431000 	/System/Library/PrivateFrameworks/DataDetectorsCore.framework/Versions/A/DataDetectorsCore
0x0000000009431000 	/System/Library/PrivateFrameworks/DesktopServicesPriv.framework/Versions/A/DesktopServicesPriv
0x0000000009431000 	/System/Library/Frameworks/Carbon.framework/Versions/A/Frameworks/HIToolbox.framework/Versions/A/HIToolbox
0x0000000009431000 	/System/Library/Frameworks/QuartzCore.framework/Versions/A/QuartzCore
0x0000000009431000 	/System/Library/Frameworks/Carbon.framework/Versions/A/Frameworks/SpeechRecognition.framework/Versions/A/SpeechRecognition
0x0000000009431000 	/usr/lib/libauto.dylib
0x0000000009431000 	/usr/lib/libicucore.A.dylib
0x0000000009431000 	/usr/lib/libxml2.2.dylib
0x0000000009431000 	/System/Library/PrivateFrameworks/CoreUI.framework/Versions/A/CoreUI
0x0000000009431000 	/System/Library/Frameworks/CoreAudio.framework/Versions/A/CoreAudio
0x0000000009431000 	/System/Library/Frameworks/DiskArbitration.framework/Versions/A/DiskArbitration
0x0000000009431000 	/usr/lib/liblangid.dylib
0x0000000009431000 	/System/Library/PrivateFrameworks/MultitouchSupport.framework/Versions/A/MultitouchSupport
0x0000000009431000 	/System/Library/Frameworks/IOKit.framework/Versions/A/IOKit
0x0000000009431000 	/usr/lib/libDiagnosticMessagesClient.dylib
0x0000000009431000 	/System/Library/Frameworks/CoreServices.framework/Versions/A/CoreServices
0x0000000009431000 	/System/Library/PrivateFrameworks/PerformanceAnalysis.framework/Versions/A/PerformanceAnalysis
0x0000000009431000 	/System/Library/PrivateFrameworks/GenerationalStorage.framework/Versions/A/GenerationalStorage
0x0000000009431000 	/System/Library/Frameworks/OpenGL.framework/Versions/A/OpenGL
0x0000000009431000 	/System/Library/PrivateFrameworks/Sharing.framework/Versions/A/Sharing
0x0000000009431000 	/System/Library/Frameworks/CoreGraphics.framework/Versions/A/CoreGraphics
0x0000000009431000 	/System/Library/Frameworks/CoreImage.framework/Versions/A/CoreImage
0x0000000009431000 	/System/Library/Frameworks/CoreText.framework/Versions/A/CoreText
0x0000000009431000 	/System/Library/Frameworks/ImageIO.framework/Versions/A/ImageIO
0x0000000009431000 	/System/Library/PrivateFrameworks/Backup.framework/Versions/A/Backup
0x0000000009431000 	/usr/lib/libextension.dylib
0x0000000009431000 	/usr/lib/libarchive.2.dylib
0x0000000009431000 	/System/Library/Frameworks/CFNetwork.framework/Versions/A/CFNetwork
0x0000000009431000 	/System/Library/Frameworks/SystemConfiguration.framework/Versions/A/SystemConfiguration
0x0000000009431000 	/usr/lib/libCRFSuite.dylib
0x0000000009431000 	/usr/lib/libc++.1.dylib
0x0000000009431000 	/usr/lib/libc++abi.dylib
0x0000000009431000 	/usr/lib/system/libcache.dylib
0x0000000009431000 	/usr/lib/system/libcommonCrypto.dylib
0x0000000009431000 	/usr/lib/system/libcompiler_rt.dylib
0x0000000009431000 	/usr/lib/system/libcopyfile.dylib
0x0000000009431000 	/usr/lib/system/libcorecrypto.dylib
0x0000000009431000 	/usr/lib/system/libdispatch.dylib
0x0000000009431000 	/usr/lib/system/libdyld.dylib
0x0000000009431000 	/usr/lib/system/libkeymgr.dylib
0x0000000009431000 	/usr/lib/system/liblaunch.dylib
0x0000000009431000 	/usr/lib/system/libmacho.dylib
0x0000000009431000 	/usr/lib/system/libquarantine.dylib
0x0000000009431000 	/usr/lib/system/libremovefile.dylib
0x0000000009431000 	/usr/lib/system/libsystem_asl.dylib
0x0000000009431000 	/usr/lib/system/libsystem_blocks.dylib
0x0000000009431000 	/usr/lib/system/libsystem_c.dylib
0x0000000009431000 	/usr/lib/system/libsystem_configuration.dylib
0x0000000009431000 	/usr/lib/system/libsystem_coreservices.dylib
0x0000000009431000 	/usr/lib/system/libsystem_coretls.dylib
0x0000000009431000 	/usr/lib/system/libsystem_dnssd.dylib
0x0000000009431000 	/usr/lib/system/libsystem_info.dylib
0x0000000009431000 	/usr/lib/system/libsystem_kernel.dylib
0x0000000009431000 	/usr/lib/system/libsystem_m.dylib
0x0000000009431000 	/usr/lib/system/libsystem_malloc.dylib
0x0000000009431000 	/usr/lib/system/libsystem_network.dylib
0x0000000009431000 	/usr/lib/system/libsystem_networkextension.dylib
0x0000000009431000 	/usr/lib/system/libsystem_notify.dylib
0x0000000009431000 	/usr/lib/system/libsystem_platform.dylib
0x0000000009431000 	/usr/lib/system/libsystem_pthread.dylib
0x0000000009431000 	/usr/lib/system/libsystem_sandbox.dylib
0x0000000009431000 	/usr/lib/system/libsystem_secinit.dylib
0x0000000009431000 	/usr/lib/system/libsystem_trace.dylib
0x0000000009431000 	/usr/lib/system/libunc.dylib
0x0000000009431000 	/usr/lib/system/libunwind.dylib
0x0000000009431000 	/usr/lib/system/libxpc.dylib
0x0000000009431000 	/usr/lib/libenergytrace.dylib
0x0000000009431000 	/usr/lib/libbsm.0.dylib
0x0000000009431000 	/usr/lib/system/libkxld.dylib
0x0000000009431000 	/usr/lib/libxar.1.dylib
0x0000000009431000 	/usr/lib/libsqlite3.dylib
0x0000000009431000 	/usr/lib/libpam.2.dylib
0x0000000009431000 	/usr/lib/libOpenScriptingUtil.dylib
0x0000000009431000 	/usr/lib/libbz2.1.0.dylib
0x0000000009431000 	/usr/lib/liblzma.5.dylib
0x0000000009431000 	/System/Library/Frameworks/CoreServices.framework/Versions/A/Frameworks/FSEvents.framework/Versions/A/FSEvents
0x0000000009431000 	/System/Library/Frameworks/CoreServices.framework/Versions/A/Frameworks/CarbonCore.framework/Versions/A/CarbonCore
0x0000000009431000 	/System/Library/Frameworks/CoreServices.framework/Versions/A/Frameworks/Metadata.framework/Versions/A/Metadata
0x0000000009431000 	/System/Library/Frameworks/CoreServices.framework/Versions/A/Frameworks/OSServices.framework/Versions/A/OSServices
0x0000000009431000 	/System/Library/Frameworks/CoreServices.framework/Versions/A/Frameworks/SearchKit.framework/Versions/A/SearchKit
0x0000000009431000 	/System/Library/Frameworks/CoreServices.framework/Versions/A/Frameworks/AE.framework/Versions/A/AE
0x0000000009431000 	/System/Library/Frameworks/CoreServices.framework/Versions/A/Frameworks/LaunchServices.framework/Versions/A/LaunchServices
0x0000000009431000 	/System/Library/Frameworks/CoreServices.framework/Versions/A/Frameworks/DictionaryServices.framework/Versions/A/DictionaryServices
0x0000000009431000 	/System/Library/Frameworks/CoreServices.framework/Versions/A/Frameworks/SharedFileList.framework/Versions/A/SharedFileList
0x0000000009431000 	/System/Library/Frameworks/NetFS.framework/Versions/A/NetFS
0x0000000009431000 	/System/Library/PrivateFrameworks/NetAuth.framework/Versions/A/NetAuth
0x0000000009431000 	/System/Library/PrivateFrameworks/login.framework/Versions/A/Frameworks/loginsupport.framework/Versions/A/loginsupport
0x0000000009431000 	/System/Library/PrivateFrameworks/TCC.framework/Versions/A/TCC
0x0000000009431000 	/usr/lib/libmecabra.dylib
0x0000000009431000 	/System/Library/Frameworks/ApplicationServices.framework/Versions/A/Frameworks/ATS.framework/Versions/A/ATS
0x0000000009431000 	/System/Library/Frameworks/ApplicationServices.framework/Versions/A/Frameworks/ColorSync.framework/Versions/A/ColorSync
0x0000000009431000 	/System/Library/Frameworks/ApplicationServices.framework/Versions/A/Frameworks/HIServices.framework/Versions/A/HIServices
0x0000000009431000 	/System/Library/Frameworks/ApplicationServices.framework/Versions/A/Frameworks/LangAnalysis.framework/Versions/A/LangAnalysis
0x0000000009431000 	/System/Library/Frameworks/ApplicationServices.framework/Versions/A/Frameworks/PrintCore.framework/Versions/A/PrintCore
0x0000000009431000 	/System/Library/Frameworks/ApplicationServices.framework/Versions/A/Frameworks/QD.framework/Versions/A/QD
0x0000000009431000 	/System/Library/Frameworks/ApplicationServices.framework/Versions/A/Frameworks/SpeechSynthesis.framework/Versions/A/SpeechSynthesis
0x0000000009431000 	/System/Library/Frameworks/Metal.framework/Versions/A/Metal
0x0000000009431000 	/System/Library/Frameworks/Accelerate.framework/Versions/A/Frameworks/vImage.framework/Versions/A/vImage
0x0000000009431000 	/System/Library/Frameworks/Accelerate.framework/Versions/A/Frameworks/vecLib.framework/Versions/A/vecLib
0x0000000009431000 	/System/Library/Frameworks/Accelerate.framework/Versions/A/Frameworks/vecLib.framework/Versions/A/libvDSP.dylib
0x0000000009431000 	/System/Library/Frameworks/Accelerate.framework/Versions/A/Frameworks/vecLib.framework/Versions/A/libvMisc.dylib
0x0000000009431000 	/System/Library/Frameworks/Accelerate.framework/Versions/A/Frameworks/vecLib.framework/Versions/A/libLAPACK.dylib
0x0000000009431000 	/System/Library/Frameworks/Accelerate.framework/Versions/A/Frameworks/vecLib.framework/Versions/A/libBLAS.dylib
0x0000000009431000 	/System/Library/Frameworks/Accelerate.framework/Versions/A/Frameworks/vecLib.framework/Versions/A/libLinearAlgebra.dylib
0x0000000009431000 	/System/Library/Frameworks/Accelerate.framework/Versions/A/Frameworks/vecLib.framework/Versions/A/libSparseBLAS.dylib
0x0000000009431000 	/System/Library/PrivateFrameworks/GPUCompiler.framework/libmetal_timestamp.dylib
0x0000000009431000 	/System/Library/Frameworks/OpenGL.framework/Versions/A/Libraries/libCoreFSCache.dylib
0x0000000009431000 	/System/Library/PrivateFrameworks/IOAccelerator.framework/Versions/A/IOAccelerator
0x0000000009431000 	/System/Library/Frameworks/ApplicationServices.framework/Versions/A/Frameworks/ATS.framework/Versions/A/Resources/libFontParser.dylib
0x0000000009431000 	/System/Library/Frameworks/ApplicationServices.framework/Versions/A/Frameworks/ATS.framework/Versions/A/Resources/libFontRegistry.dylib
0x0000000009431000 	/System/Library/PrivateFrameworks/AppleVPA.framework/Versions/A/AppleVPA
0x0000000009431000 	/System/Library/PrivateFrameworks/AppleJPEG.framework/Versions/A/AppleJPEG
0x0000000009431000 	/System/Library/Frameworks/ImageIO.framework/Versions/A/Resources/libJPEG.dylib
0x0000000009431000 	/System/Library/Frameworks/ImageIO.framework/Versions/A/Resources/libTIFF.dylib
0x0000000009431000 	/System/Library/Frameworks/ImageIO.framework/Versions/A/Resources/libPng.dylib
0x0000000009431000 	/System/Library/Frameworks/ImageIO.framework/Versions/A/Resources/libGIF.dylib
0x0000000009431000 	/System/Library/Frameworks/ImageIO.framework/Versions/A/Resources/libJP2.dylib
0x0000000009431000 	/System/Library/Frameworks/ImageIO.framework/Versions/A/Resources/libRadiance.dylib
0x0000000009431000 	/System/Library/Frameworks/CoreVideo.framework/Versions/A/CoreVideo
0x0000000009431000 	/System/Library/Frameworks/OpenGL.framework/Versions/A/Libraries/libGLU.dylib
0x0000000009431000 	/System/Library/Frameworks/OpenGL.framework/Versions/A/Libraries/libGFXShared.dylib
0x0000000009431000 	/System/Library/Frameworks/OpenGL.framework/Versions/A/Libraries/libGL.dylib
0x0000000009431000 	/System/Library/Frameworks/OpenGL.framework/Versions/A/Libraries/libGLImage.dylib
0x0000000009431000 	/System/Library/Frameworks/OpenGL.framework/Versions/A/Libraries/libCVMSPluginSupport.dylib
0x0000000009431000 	/System/Library/Frameworks/OpenGL.framework/Versions/A/Libraries/libCoreVMClient.dylib
0x0000000009431000 	/usr/lib/libcompression.dylib
0x0000000009431000 	/usr/lib/libcups.2.dylib
0x0000000009431000 	/System/Library/Frameworks/Kerberos.framework/Versions/A/Kerberos
0x0000000009431000 	/System/Library/Frameworks/GSS.framework/Versions/A/GSS
0x0000000009431000 	/usr/lib/libresolv.9.dylib
0x0000000009431000 	/usr/lib/libiconv.2.dylib
0x0000000009431000 	/System/Library/PrivateFrameworks/Heimdal.framework/Versions/A/Heimdal
0x0000000009431000 	/usr/lib/libheimdal-asn1.dylib
0x0000000009431000 	/System/Library/Frameworks/OpenDirectory.framework/Versions/A/OpenDirectory
0x0000000009431000 	/System/Library/PrivateFrameworks/CommonAuth.framework/Versions/A/CommonAuth
0x0000000009431000 	/System/Library/Frameworks/OpenDirectory.framework/Versions/A/Frameworks/CFOpenDirectory.framework/Versions/A/CFOpenDirectory
0x0000000009431000 	/System/Library/Frameworks/SecurityFoundation.framework/Versions/A/SecurityFoundation
0x0000000009431000 	/System/Library/PrivateFrameworks/LanguageModeling.framework/Versions/A/LanguageModeling
0x0000000009431000 	/usr/lib/libmarisa.dylib
0x0000000009431000 	/usr/lib/libChineseTokenizer.dylib
0x0000000009431000 	/usr/lib/libcmph.dylib
0x0000000009431000 	/System/Library/Frameworks/ServiceManagement.framework/Versions/A/ServiceManagement
0x0000000009431000 	/usr/lib/libxslt.1.dylib
0x0000000009431000 	/System/Library/Frameworks/Carbon.framework/Versions/A/Frameworks/Ink.framework/Versions/A/Ink
0x0000000009431000 	/usr/lib/libFosl_dynamic.dylib
0x0000000009431000 	/System/Library/PrivateFrameworks/FaceCore.framework/Versions/A/FaceCore
0x0000000009431000 	/System/Library/Frameworks/OpenCL.framework/Versions/A/OpenCL
0x0000000009431000 	/System/Library/PrivateFrameworks/CrashReporterSupport.framework/Versions/A/CrashReporterSupport
0x0000000009431000 	/System/Library/PrivateFrameworks/IconServices.framework/Versions/A/IconServices
0x0000000009431000 	/System/Library/PrivateFrameworks/Apple80211.framework/Versions/A/Apple80211
0x0000000009431000 	/System/Library/Frameworks/CoreWLAN.framework/Versions/A/CoreWLAN
0x0000000009431000 	/System/Library/Frameworks/IOBluetooth.framework/Versions/A/IOBluetooth
0x0000000009431000 	/System/Library/PrivateFrameworks/CoreWiFi.framework/Versions/A/CoreWiFi
0x0000000009431000 	/System/Library/Frameworks/CoreBluetooth.framework/Versions/A/CoreBluetooth
0x0000000009431000 	/System/Library/PrivateFrameworks/ChunkingLibrary.framework/Versions/A/ChunkingLibrary
0x0000000009431000 	/System/Library/PrivateFrameworks/DebugSymbols.framework/Versions/A/DebugSymbols
0x0000000009431000 	/System/Library/PrivateFrameworks/CoreSymbolication.framework/Versions/A/CoreSymbolication
0x0000000009431000 	/System/Library/PrivateFrameworks/Symbolication.framework/Versions/A/Symbolication
0x0000000009431000 	/System/Library/PrivateFrameworks/SpeechRecognitionCore.framework/Versions/A/SpeechRecognitionCore
0x000000010a00d000 	/Library/Java/JavaVirtualMachines/jdk1.8.0_101.jdk/Contents/Home/jre/lib/server/libjvm.dylib
0x0000000009431000 	/usr/lib/libstdc++.6.dylib
0x000000010afae000 	/Library/Java/JavaVirtualMachines/jdk1.8.0_101.jdk/Contents/Home/jre/lib/libverify.dylib
0x000000010afbc000 	/Library/Java/JavaVirtualMachines/jdk1.8.0_101.jdk/Contents/Home/jre/lib/libjava.dylib
0x000000010b800000 	/Library/Java/JavaVirtualMachines/jdk1.8.0_101.jdk/Contents/Home/jre/lib/libjdwp.dylib
0x000000010aff2000 	/Library/Java/JavaVirtualMachines/jdk1.8.0_101.jdk/Contents/Home/jre/lib/libnpt.dylib
0x000000010b84b000 	/Library/Java/JavaVirtualMachines/jdk1.8.0_101.jdk/Contents/Home/jre/lib/libzip.dylib
0x00000001211b7000 	/System/Library/Frameworks/JavaVM.framework/Frameworks/JavaRuntimeSupport.framework/JavaRuntimeSupport
0x00000001211d2000 	/System/Library/Frameworks/JavaVM.framework/Versions/A/Frameworks/JavaNativeFoundation.framework/Versions/A/JavaNativeFoundation
0x00000001211e7000 	/System/Library/Frameworks/JavaVM.framework/Versions/A/JavaVM
0x0000000009431000 	/System/Library/Frameworks/Carbon.framework/Versions/A/Carbon
0x00000001211f4000 	/System/Library/PrivateFrameworks/JavaLaunching.framework/Versions/A/JavaLaunching
0x0000000009431000 	/System/Library/Frameworks/Carbon.framework/Versions/A/Frameworks/CommonPanels.framework/Versions/A/CommonPanels
0x0000000009431000 	/System/Library/Frameworks/Carbon.framework/Versions/A/Frameworks/Help.framework/Versions/A/Help
0x0000000009431000 	/System/Library/Frameworks/Carbon.framework/Versions/A/Frameworks/ImageCapture.framework/Versions/A/ImageCapture
0x0000000009431000 	/System/Library/Frameworks/Carbon.framework/Versions/A/Frameworks/OpenScripting.framework/Versions/A/OpenScripting
0x0000000009431000 	/System/Library/Frameworks/Carbon.framework/Versions/A/Frameworks/Print.framework/Versions/A/Print
0x0000000009431000 	/System/Library/Frameworks/Carbon.framework/Versions/A/Frameworks/SecurityHI.framework/Versions/A/SecurityHI
0x0000000122b16000 	/Library/Java/JavaVirtualMachines/jdk1.8.0_101.jdk/Contents/Home/jre/lib/libdt_socket.dylib
0x0000000122b91000 	/Library/Java/JavaVirtualMachines/jdk1.8.0_101.jdk/Contents/Home/jre/lib/libawt.dylib
0x0000000122c39000 	/Library/Java/JavaVirtualMachines/jdk1.8.0_101.jdk/Contents/Home/jre/lib/./libmlib_image.dylib
0x0000000122d05000 	/Library/Java/JavaVirtualMachines/jdk1.8.0_101.jdk/Contents/Home/jre/lib/libawt_lwawt.dylib
0x0000000122dba000 	/Library/Java/JavaVirtualMachines/jdk1.8.0_101.jdk/Contents/Home/jre/lib/./libosxapp.dylib
0x0000000009431000 	/System/Library/Frameworks/ExceptionHandling.framework/Versions/A/ExceptionHandling
0x0000000009431000 	/System/Library/PrivateFrameworks/CoreServicesInternal.framework/Versions/A/CoreServicesInternal
0x0000000009431000 	/System/Library/Frameworks/CoreGraphics.framework/Versions/A/Resources/libRIP.A.dylib
0x0000000009431000 	/System/Library/Frameworks/Accelerate.framework/Versions/A/Frameworks/vImage.framework/Versions/A/Libraries/libCGInterfaces.dylib
0x0000000009431000 	/System/Library/Frameworks/CoreGraphics.framework/Versions/A/Resources/libCGXType.A.dylib
0x0000000009431000 	/System/Library/Frameworks/OpenCL.framework/Versions/A/Libraries/libcldcpuengine.dylib
0x0000000009431000 	/System/Library/PrivateFrameworks/DiskImages.framework/Versions/A/DiskImages
0x0000000009431000 	/System/Library/Frameworks/DiscRecording.framework/Versions/A/DiscRecording
0x0000000009431000 	/usr/lib/libcsfde.dylib
0x0000000009431000 	/usr/lib/libcurl.4.dylib
0x0000000009431000 	/System/Library/PrivateFrameworks/MediaKit.framework/Versions/A/MediaKit
0x0000000009431000 	/System/Library/PrivateFrameworks/ProtectedCloudStorage.framework/Versions/A/ProtectedCloudStorage
0x0000000009431000 	/usr/lib/libCoreStorage.dylib
0x0000000009431000 	/System/Library/PrivateFrameworks/EFILogin.framework/Versions/A/EFILogin
0x0000000009431000 	/usr/lib/libutil.dylib
0x0000000009431000 	/System/Library/PrivateFrameworks/FindMyDevice.framework/Versions/A/FindMyDevice
0x0000000009431000 	/System/Library/Frameworks/LDAP.framework/Versions/A/LDAP
0x0000000009431000 	/usr/lib/libsasl2.2.dylib
0x0000000009431000 	/System/Library/PrivateFrameworks/CoreDaemon.framework/Versions/B/CoreDaemon
0x0000000009431000 	/usr/lib/libcrypto.0.9.8.dylib
0x0000000009431000 	/System/Library/PrivateFrameworks/AppleSRP.framework/Versions/A/AppleSRP
0x0000000009431000 	/System/Library/PrivateFrameworks/TrustEvaluationAgent.framework/Versions/A/TrustEvaluationAgent
0x00000001246dc000 	cl_kernels
0x0000000009431000 	/System/Library/Frameworks/OpenCL.framework/Versions/A/Libraries/ImageFormats/unorm8_bgra.dylib
0x0000000009431000 	/System/Library/Frameworks/OpenCL.framework/Versions/A/Libraries/ImageFormats/unorm8_rgba.dylib
0x0000000009431000 	/System/Library/PrivateFrameworks/FamilyControls.framework/Versions/A/FamilyControls
0x0000000009431000 	/System/Library/PrivateFrameworks/CommerceKit.framework/Versions/A/Frameworks/CommerceCore.framework/Versions/A/CommerceCore
0x0000000009431000 	/System/Library/PrivateFrameworks/SystemAdministration.framework/Versions/A/SystemAdministration
0x0000000009431000 	/System/Library/PrivateFrameworks/AppContainer.framework/Versions/A/AppContainer
0x0000000009431000 	/System/Library/PrivateFrameworks/SecCodeWrapper.framework/Versions/A/SecCodeWrapper
0x0000000009431000 	/System/Library/Frameworks/DirectoryService.framework/Versions/A/DirectoryService
0x0000000009431000 	/System/Library/PrivateFrameworks/LoginUIKit.framework/Versions/A/Frameworks/LoginUICore.framework/Versions/A/LoginUICore
0x0000000009431000 	/usr/lib/libodfde.dylib
0x0000000009431000 	/System/Library/Frameworks/OpenGL.framework/Versions/A/Resources/GLEngine.bundle/GLEngine
0x0000000009431000 	/System/Library/Frameworks/OpenGL.framework/Versions/A/Libraries/libGLProgrammability.dylib
0x00000001256f6000 	/System/Library/Extensions/AppleIntelHD4000GraphicsGLDriver.bundle/Contents/MacOS/AppleIntelHD4000GraphicsGLDriver
0x0000000009431000 	/System/Library/PrivateFrameworks/GPUSupport.framework/Versions/A/Libraries/libGPUSupportMercury.dylib
0x0000000009431000 	/System/Library/Frameworks/OpenGL.framework/Versions/A/Resources/GLRendererFloat.bundle/GLRendererFloat
0x0000000126640000 	/Library/Java/JavaVirtualMachines/jdk1.8.0_101.jdk/Contents/Home/jre/lib/libfontmanager.dylib
0x00000001266a7000 	/Library/Java/JavaVirtualMachines/jdk1.8.0_101.jdk/Contents/Home/jre/lib/libosxui.dylib
0x0000000128b94000 	/System/Library/Extensions/AppleIntelHD4000GraphicsMTLDriver.bundle/Contents/MacOS/AppleIntelHD4000GraphicsMTLDriver
0x0000000128ffe000 	/Library/Java/JavaVirtualMachines/jdk1.8.0_101.jdk/Contents/Home/jre/lib/libnet.dylib
0x0000000129015000 	/Library/Java/JavaVirtualMachines/jdk1.8.0_101.jdk/Contents/Home/jre/lib/libnio.dylib
0x0000000009431000 	/System/Library/Frameworks/ApplicationServices.framework/Versions/A/Frameworks/ATS.framework/Versions/A/Resources/libTrueTypeScaler.dylib
0x000000018f186000 	/Library/Java/JavaVirtualMachines/jdk1.8.0_101.jdk/Contents/Home/jre/lib/libsunec.dylib

VM Arguments:
jvm_args: -agentlib:jdwp=transport=dt_socket,suspend=y,address=localhost:59769 -Dfile.encoding=UTF-8 
java_command: drukier.recipes.RecipeView
java_class_path (initial): /Library/Java/JavaVirtualMachines/jdk1.8.0_101.jdk/Contents/Home/jre/lib/resources.jar:/Library/Java/JavaVirtualMachines/jdk1.8.0_101.jdk/Contents/Home/jre/lib/rt.jar:/Library/Java/JavaVirtualMachines/jdk1.8.0_101.jdk/Contents/Home/jre/lib/jsse.jar:/Library/Java/JavaVirtualMachines/jdk1.8.0_101.jdk/Contents/Home/jre/lib/jce.jar:/Library/Java/JavaVirtualMachines/jdk1.8.0_101.jdk/Contents/Home/jre/lib/charsets.jar:/Library/Java/JavaVirtualMachines/jdk1.8.0_101.jdk/Contents/Home/jre/lib/jfr.jar:/Library/Java/JavaVirtualMachines/jdk1.8.0_101.jdk/Contents/Home/jre/lib/ext/cldrdata.jar:/Library/Java/JavaVirtualMachines/jdk1.8.0_101.jdk/Contents/Home/jre/lib/ext/dnsns.jar:/Library/Java/JavaVirtualMachines/jdk1.8.0_101.jdk/Contents/Home/jre/lib/ext/jaccess.jar:/Library/Java/JavaVirtualMachines/jdk1.8.0_101.jdk/Contents/Home/jre/lib/ext/jfxrt.jar:/Library/Java/JavaVirtualMachines/jdk1.8.0_101.jdk/Contents/Home/jre/lib/ext/localedata.jar:/Library/Java/JavaVirtualMachines/jdk1.8.0_101.jdk/Contents/Home/jre/lib/ext/nashorn.jar:/Library/Java/JavaVirtualMachines/jdk1.8.0_101.jdk/Contents/Home/jre/lib/ext/sunec.jar:/Library/Java/JavaVirtualMachines/jdk1.8.0_101.jdk/Contents/Home/jre/lib/ext/sunjce_provider.jar:/Library/Java/JavaVirtualMachines/jdk1.8.0_101.jdk/Contents/Home/jre/lib/ext/sunpkcs11.jar:/Library/Java/JavaVirtualMachines/jdk1.8.0_101.jdk/Contents/Home/jre/lib/ext/zipfs.jar:/System/Library/Java/Extensions/AppleScriptEngine.jar:/System/Library/Java/Extensions/dns_sd.jar:/System/Library/Java/Extensions/j3daudio.jar:/System/Library/Java/Extensions/j3dcore.jar:/System/Library/Java/Extensions/j3dutils.jar:/System/Library/Java/Extensions/jai_codec.jar:/System/Library/Java/Extensions/jai_core.jar:/System/Library/Java/Extensions/mlibwrapper_jai.jar:/System/Library/Java/Extensions/MRJToolkit.jar:/System/Library/Java/Extensions/vecmath.jar:/Users/chana/Documents/Touro/Spring 2018/Computer Methodology/drukier-mco152-yummly/target/classes:/Users/chana/.
Launcher Type: SUN_STANDARD

Environment Variables:
PATH=/usr/bin:/bin:/usr/sbin:/sbin
SHELL=/bin/bash

Signal Handlers:
SIGSEGV: [libjvm.dylib+0x5af145], sa_mask[0]=11111111011111110111111111111111, sa_flags=SA_ONSTACK|SA_RESTART|SA_SIGINFO
SIGBUS: [libjvm.dylib+0x5af145], sa_mask[0]=11111111011111110111111111111111, sa_flags=SA_RESTART|SA_SIGINFO
SIGFPE: [libjvm.dylib+0x48694c], sa_mask[0]=11111111011111110111111111111111, sa_flags=SA_RESTART|SA_SIGINFO
SIGPIPE: [libjvm.dylib+0x48694c], sa_mask[0]=11111111011111110111111111111111, sa_flags=SA_RESTART|SA_SIGINFO
SIGXFSZ: [libjvm.dylib+0x48694c], sa_mask[0]=11111111011111110111111111111111, sa_flags=SA_RESTART|SA_SIGINFO
SIGILL: [libjvm.dylib+0x48694c], sa_mask[0]=11111111011111110111111111111111, sa_flags=SA_RESTART|SA_SIGINFO
SIGUSR1: SIG_DFL, sa_mask[0]=00000000000000000000000000000000, sa_flags=none
SIGUSR2: [libjvm.dylib+0x48646a], sa_mask[0]=00100000000000000000000000000000, sa_flags=SA_RESTART|SA_SIGINFO
SIGHUP: [libjvm.dylib+0x484a41], sa_mask[0]=11111111011111110111111111111111, sa_flags=SA_RESTART|SA_SIGINFO
SIGINT: [libjvm.dylib+0x484a41], sa_mask[0]=11111111011111110111111111111111, sa_flags=SA_RESTART|SA_SIGINFO
SIGTERM: [libjvm.dylib+0x484a41], sa_mask[0]=11111111011111110111111111111111, sa_flags=SA_RESTART|SA_SIGINFO
SIGQUIT: [libjvm.dylib+0x484a41], sa_mask[0]=11111111011111110111111111111111, sa_flags=SA_RESTART|SA_SIGINFO


---------------  S Y S T E M  ---------------

OS:Bsduname:Darwin 15.5.0 Darwin Kernel Version 15.5.0: Tue Apr 19 18:36:36 PDT 2016; root:xnu-3248.50.21~8/RELEASE_X86_64 x86_64
rlimit: STACK 8192k, CORE 0k, NPROC 709, NOFILE 10240, AS infinity
load average:1.68 1.55 1.50

CPU:total 4 (2 cores per cpu, 2 threads per core) family 6 model 58 stepping 9, cmov, cx8, fxsr, mmx, sse, sse2, sse3, ssse3, sse4.1, sse4.2, popcnt, avx, aes, clmul, erms, ht, tsc, tscinvbit, tscinv

Memory: 4k page, physical 8388608k(57236k free)

/proc/meminfo:


vm_info: Java HotSpot(TM) 64-Bit Server VM (25.101-b13) for bsd-amd64 JRE (1.8.0_101-b13), built on Jun 22 2016 02:42:15 by "java_re" with gcc 4.2.1 (Based on Apple Inc. build 5658) (LLVM build 2336.11.00)

time: Thu May 24 19:02:32 2018
elapsed time: 802 seconds (0d 0h 13m 22s)

